-Xajruntimetarget:1.5
-1.8
-encoding
UTF-8
-showWeaveInfo
-classpath
C:\Users\svenn\git\webtech2\example08-persistence\target\classes;C:\Users\svenn\.m2\repository\org\apache\shiro\shiro-core\1.4.0\shiro-core-1.4.0.jar;C:\Users\svenn\.m2\repository\org\apache\shiro\shiro-web\1.4.0\shiro-web-1.4.0.jar;C:\Users\svenn\.m2\repository\com\nimbusds\nimbus-jose-jwt\7.0.1\nimbus-jose-jwt-7.0.1.jar;C:\Users\svenn\.m2\repository\org\apache\shiro\shiro-aspectj\1.4.0\shiro-aspectj-1.4.0.jar;C:\Users\svenn\.m2\repository\javax\javaee-api\8.0\javaee-api-8.0.jar;C:\Users\svenn\.m2\repository\org\apache\shiro\shiro-lang\1.4.0\shiro-lang-1.4.0.jar;C:\Users\svenn\.m2\repository\org\slf4j\slf4j-api\1.7.21\slf4j-api-1.7.21.jar;C:\Users\svenn\.m2\repository\org\apache\shiro\shiro-cache\1.4.0\shiro-cache-1.4.0.jar;C:\Users\svenn\.m2\repository\org\apache\shiro\shiro-crypto-hash\1.4.0\shiro-crypto-hash-1.4.0.jar;C:\Users\svenn\.m2\repository\org\apache\shiro\shiro-crypto-core\1.4.0\shiro-crypto-core-1.4.0.jar;C:\Users\svenn\.m2\repository\org\apache\shiro\shiro-crypto-cipher\1.4.0\shiro-crypto-cipher-1.4.0.jar;C:\Users\svenn\.m2\repository\org\apache\shiro\shiro-config-core\1.4.0\shiro-config-core-1.4.0.jar;C:\Users\svenn\.m2\repository\org\apache\shiro\shiro-config-ogdl\1.4.0\shiro-config-ogdl-1.4.0.jar;C:\Users\svenn\.m2\repository\commons-beanutils\commons-beanutils\1.9.3\commons-beanutils-1.9.3.jar;C:\Users\svenn\.m2\repository\commons-collections\commons-collections\3.2.2\commons-collections-3.2.2.jar;C:\Users\svenn\.m2\repository\org\apache\shiro\shiro-event\1.4.0\shiro-event-1.4.0.jar;C:\Users\svenn\.m2\repository\com\github\stephenc\jcip\jcip-annotations\1.0-1\jcip-annotations-1.0-1.jar;C:\Users\svenn\.m2\repository\net\minidev\json-smart\2.3\json-smart-2.3.jar;C:\Users\svenn\.m2\repository\net\minidev\accessors-smart\1.2\accessors-smart-1.2.jar;C:\Users\svenn\.m2\repository\org\ow2\asm\asm\5.0.4\asm-5.0.4.jar;C:\Users\svenn\.m2\repository\org\aspectj\aspectjrt\1.8.9\aspectjrt-1.8.9.jar;C:\Users\svenn\.m2\repository\org\aspectj\aspectjweaver\1.8.9\aspectjweaver-1.8.9.jar;C:\Users\svenn\.m2\repository\com\sun\mail\javax.mail\1.6.0\javax.mail-1.6.0.jar;C:\Users\svenn\.m2\repository\javax\activation\activation\1.1\activation-1.1.jar;C:\Users\svenn\git\webtech2\example08-business\target\classes
-aspectpath
C:\Users\svenn\.m2\repository\org\apache\shiro\shiro-aspectj\1.4.0\shiro-aspectj-1.4.0.jar
-d
C:\Users\svenn\git\webtech2\example08-business\target\classes
C:\Users\svenn\git\webtech2\example08-business\src\main\java\de\ls5\wt2\auth\AuthenticationREST.java
C:\Users\svenn\git\webtech2\example08-business\src\main\java\de\ls5\wt2\auth\NewsCRUD.java
C:\Users\svenn\git\webtech2\example08-business\src\main\java\de\ls5\wt2\auth\UserREST.java
C:\Users\svenn\git\webtech2\example08-business\src\main\java\de\ls5\wt2\conf\auth\BasicAuthenticationFilterWithoutRedirect.java
C:\Users\svenn\git\webtech2\example08-business\src\main\java\de\ls5\wt2\conf\auth\DatabaseAuthenticator.java
C:\Users\svenn\git\webtech2\example08-business\src\main\java\de\ls5\wt2\conf\auth\FormAuthenticationFilterWithoutRedirect.java
C:\Users\svenn\git\webtech2\example08-business\src\main\java\de\ls5\wt2\conf\auth\jwt\JWTAuthenticationFilter.java
C:\Users\svenn\git\webtech2\example08-business\src\main\java\de\ls5\wt2\conf\auth\jwt\JWTLoginData.java
C:\Users\svenn\git\webtech2\example08-business\src\main\java\de\ls5\wt2\conf\auth\jwt\JWTShiroToken.java
C:\Users\svenn\git\webtech2\example08-business\src\main\java\de\ls5\wt2\conf\auth\jwt\JWTUtil.java
C:\Users\svenn\git\webtech2\example08-business\src\main\java\de\ls5\wt2\conf\auth\jwt\JWTWT2Realm.java
C:\Users\svenn\git\webtech2\example08-business\src\main\java\de\ls5\wt2\conf\auth\LogoutFilterWithoutRedirect.java
C:\Users\svenn\git\webtech2\example08-business\src\main\java\de\ls5\wt2\conf\auth\permission\ReadNewsItemPermission.java
C:\Users\svenn\git\webtech2\example08-business\src\main\java\de\ls5\wt2\conf\auth\permission\ViewFirstFiveNewsItemsPermission.java
C:\Users\svenn\git\webtech2\example08-business\src\main\java\de\ls5\wt2\conf\auth\WT2Realm.java
C:\Users\svenn\git\webtech2\example08-business\src\main\java\de\ls5\wt2\conf\rest\JAXRSActivator.java
C:\Users\svenn\git\webtech2\example08-business\src\main\java\de\ls5\wt2\conf\rest\JsonBProvider.java
C:\Users\svenn\git\webtech2\example08-business\src\main\java\de\ls5\wt2\rest\NewsCRUD.java
C:\Users\svenn\git\webtech2\example08-business\src\main\java\de\ls5\wt2\rest\Reset.java
C:\Users\svenn\git\webtech2\example08-business\src\main\java\de\ls5\wt2\rest\SimpleREST.java
C:\Users\svenn\git\webtech2\example08-business\src\main\java\de\ls5\wt2\security\NewsCRUD.java
C:\Users\svenn\git\webtech2\example08-business\src\main\java\de\ls5\wt2\StartupBean.java
